{"C:\\Users\\Alexander\\Documents\\workspace\\React\\Curso react\\pern-ts-administrador-productos\\backend\\src\\server.ts": {"path":"C:\\Users\\Alexander\\Documents\\workspace\\React\\Curso react\\pern-ts-administrador-productos\\backend\\src\\server.ts","statementMap":{"0":{"start":{"line":1,"column":0},"end":{"line":1,"column":52}},"1":{"start":{"line":2,"column":0},"end":{"line":2,"column":22}},"2":{"start":{"line":5,"column":0},"end":{"line":5,"column":55}},"3":{"start":{"line":7,"column":15},"end":{"line":7,"column":24}},"4":{"start":{"line":10,"column":0},"end":{"line":10,"column":null}},"5":{"start":{"line":14,"column":0},"end":{"line":18,"column":null}},"6":{"start":{"line":15,"column":2},"end":{"line":17,"column":null}},"7":{"start":{"line":21,"column":0},"end":{"line":21,"column":null}},"8":{"start":{"line":23,"column":0},"end":{"line":23,"column":null}}},"fnMap":{"0":{"name":"(anonymous_1)","decl":{"start":{"line":14,"column":16},"end":{"line":14,"column":17}},"loc":{"start":{"line":14,"column":49},"end":{"line":18,"column":1}}}},"branchMap":{},"s":{"0":2,"1":2,"2":2,"3":2,"4":2,"5":2,"6":1,"7":2,"8":2},"f":{"0":1},"b":{}}
,"C:\\Users\\Alexander\\Documents\\workspace\\React\\Curso react\\pern-ts-administrador-productos\\backend\\src\\database\\client.ts": {"path":"C:\\Users\\Alexander\\Documents\\workspace\\React\\Curso react\\pern-ts-administrador-productos\\backend\\src\\database\\client.ts","statementMap":{"0":{"start":{"line":1,"column":0},"end":{"line":1,"column":45}},"1":{"start":{"line":3,"column":13},"end":{"line":3,"column":31}},"2":{"start":{"line":5,"column":0},"end":{"line":5,"column":null}}},"fnMap":{},"branchMap":{},"s":{"0":2,"1":2,"2":2},"f":{},"b":{}}
,"C:\\Users\\Alexander\\Documents\\workspace\\React\\Curso react\\pern-ts-administrador-productos\\backend\\src\\products\\controllers\\product.controller.ts": {"path":"C:\\Users\\Alexander\\Documents\\workspace\\React\\Curso react\\pern-ts-administrador-productos\\backend\\src\\products\\controllers\\product.controller.ts","statementMap":{"0":{"start":{"line":2,"column":0},"end":{"line":2,"column":42}},"1":{"start":{"line":4,"column":27},"end":{"line":23,"column":1}},"2":{"start":{"line":5,"column":2},"end":{"line":22,"column":3}},"3":{"start":{"line":6,"column":21},"end":{"line":13,"column":6}},"4":{"start":{"line":14,"column":4},"end":{"line":16,"column":null}},"5":{"start":{"line":18,"column":4},"end":{"line":18,"column":null}},"6":{"start":{"line":19,"column":4},"end":{"line":21,"column":null}},"7":{"start":{"line":4,"column":13},"end":{"line":4,"column":27}},"8":{"start":{"line":25,"column":30},"end":{"line":48,"column":1}},"9":{"start":{"line":26,"column":13},"end":{"line":26,"column":27}},"10":{"start":{"line":27,"column":2},"end":{"line":47,"column":3}},"11":{"start":{"line":28,"column":20},"end":{"line":32,"column":6}},"12":{"start":{"line":34,"column":4},"end":{"line":38,"column":5}},"13":{"start":{"line":35,"column":6},"end":{"line":37,"column":null}},"14":{"start":{"line":39,"column":4},"end":{"line":41,"column":null}},"15":{"start":{"line":43,"column":4},"end":{"line":43,"column":null}},"16":{"start":{"line":44,"column":4},"end":{"line":46,"column":null}},"17":{"start":{"line":25,"column":13},"end":{"line":25,"column":30}},"18":{"start":{"line":50,"column":29},"end":{"line":74,"column":1}},"19":{"start":{"line":51,"column":26},"end":{"line":51,"column":34}},"20":{"start":{"line":55,"column":2},"end":{"line":73,"column":3}},"21":{"start":{"line":57,"column":17},"end":{"line":62,"column":6}},"22":{"start":{"line":65,"column":4},"end":{"line":67,"column":null}},"23":{"start":{"line":69,"column":4},"end":{"line":69,"column":null}},"24":{"start":{"line":70,"column":4},"end":{"line":72,"column":null}},"25":{"start":{"line":50,"column":13},"end":{"line":50,"column":29}},"26":{"start":{"line":76,"column":29},"end":{"line":112,"column":1}},"27":{"start":{"line":77,"column":13},"end":{"line":77,"column":27}},"28":{"start":{"line":78,"column":37},"end":{"line":78,"column":45}},"29":{"start":{"line":80,"column":2},"end":{"line":111,"column":3}},"30":{"start":{"line":81,"column":28},"end":{"line":85,"column":6}},"31":{"start":{"line":86,"column":4},"end":{"line":90,"column":5}},"32":{"start":{"line":87,"column":6},"end":{"line":89,"column":null}},"33":{"start":{"line":93,"column":27},"end":{"line":102,"column":6}},"34":{"start":{"line":103,"column":4},"end":{"line":105,"column":null}},"35":{"start":{"line":107,"column":4},"end":{"line":107,"column":null}},"36":{"start":{"line":108,"column":4},"end":{"line":110,"column":null}},"37":{"start":{"line":76,"column":13},"end":{"line":76,"column":29}},"38":{"start":{"line":114,"column":34},"end":{"line":148,"column":1}},"39":{"start":{"line":115,"column":13},"end":{"line":115,"column":27}},"40":{"start":{"line":116,"column":24},"end":{"line":116,"column":32}},"41":{"start":{"line":118,"column":2},"end":{"line":147,"column":3}},"42":{"start":{"line":119,"column":28},"end":{"line":123,"column":6}},"43":{"start":{"line":124,"column":4},"end":{"line":128,"column":5}},"44":{"start":{"line":125,"column":6},"end":{"line":127,"column":null}},"45":{"start":{"line":131,"column":27},"end":{"line":138,"column":6}},"46":{"start":{"line":139,"column":4},"end":{"line":141,"column":null}},"47":{"start":{"line":143,"column":4},"end":{"line":143,"column":null}},"48":{"start":{"line":144,"column":4},"end":{"line":146,"column":null}},"49":{"start":{"line":114,"column":13},"end":{"line":114,"column":34}},"50":{"start":{"line":150,"column":29},"end":{"line":177,"column":1}},"51":{"start":{"line":151,"column":13},"end":{"line":151,"column":27}},"52":{"start":{"line":152,"column":2},"end":{"line":176,"column":3}},"53":{"start":{"line":153,"column":28},"end":{"line":157,"column":6}},"54":{"start":{"line":158,"column":4},"end":{"line":162,"column":5}},"55":{"start":{"line":159,"column":6},"end":{"line":161,"column":null}},"56":{"start":{"line":163,"column":4},"end":{"line":167,"column":null}},"57":{"start":{"line":168,"column":4},"end":{"line":170,"column":null}},"58":{"start":{"line":172,"column":4},"end":{"line":172,"column":null}},"59":{"start":{"line":173,"column":4},"end":{"line":175,"column":null}},"60":{"start":{"line":150,"column":13},"end":{"line":150,"column":29}}},"fnMap":{"0":{"name":"(anonymous_1)","decl":{"start":{"line":4,"column":27},"end":{"line":4,"column":32}},"loc":{"start":{"line":4,"column":66},"end":{"line":23,"column":1}}},"1":{"name":"(anonymous_2)","decl":{"start":{"line":25,"column":30},"end":{"line":25,"column":35}},"loc":{"start":{"line":25,"column":68},"end":{"line":48,"column":1}}},"2":{"name":"(anonymous_3)","decl":{"start":{"line":50,"column":29},"end":{"line":50,"column":34}},"loc":{"start":{"line":50,"column":67},"end":{"line":74,"column":1}}},"3":{"name":"(anonymous_4)","decl":{"start":{"line":76,"column":29},"end":{"line":76,"column":34}},"loc":{"start":{"line":76,"column":67},"end":{"line":112,"column":1}}},"4":{"name":"(anonymous_5)","decl":{"start":{"line":114,"column":34},"end":{"line":114,"column":39}},"loc":{"start":{"line":114,"column":72},"end":{"line":148,"column":1}}},"5":{"name":"(anonymous_6)","decl":{"start":{"line":150,"column":29},"end":{"line":150,"column":34}},"loc":{"start":{"line":150,"column":67},"end":{"line":177,"column":1}}}},"branchMap":{"0":{"loc":{"start":{"line":34,"column":4},"end":{"line":38,"column":5}},"type":"if","locations":[{"start":{"line":34,"column":4},"end":{"line":38,"column":5}}]},"1":{"loc":{"start":{"line":86,"column":4},"end":{"line":90,"column":5}},"type":"if","locations":[{"start":{"line":86,"column":4},"end":{"line":90,"column":5}}]},"2":{"loc":{"start":{"line":124,"column":4},"end":{"line":128,"column":5}},"type":"if","locations":[{"start":{"line":124,"column":4},"end":{"line":128,"column":5}}]},"3":{"loc":{"start":{"line":158,"column":4},"end":{"line":162,"column":5}},"type":"if","locations":[{"start":{"line":158,"column":4},"end":{"line":162,"column":5}}]}},"s":{"0":2,"1":2,"2":2,"3":2,"4":2,"5":0,"6":0,"7":2,"8":2,"9":2,"10":2,"11":2,"12":2,"13":1,"14":1,"15":0,"16":0,"17":2,"18":2,"19":1,"20":1,"21":1,"22":1,"23":0,"24":0,"25":2,"26":2,"27":2,"28":2,"29":2,"30":2,"31":2,"32":1,"33":1,"34":1,"35":0,"36":0,"37":2,"38":2,"39":1,"40":1,"41":1,"42":1,"43":1,"44":0,"45":1,"46":1,"47":0,"48":0,"49":2,"50":2,"51":3,"52":3,"53":3,"54":3,"55":2,"56":1,"57":1,"58":0,"59":0,"60":2},"f":{"0":2,"1":2,"2":1,"3":2,"4":1,"5":3},"b":{"0":[1],"1":[1],"2":[0],"3":[2]}}
,"C:\\Users\\Alexander\\Documents\\workspace\\React\\Curso react\\pern-ts-administrador-productos\\backend\\src\\products\\middleware\\product.validation.ts": {"path":"C:\\Users\\Alexander\\Documents\\workspace\\React\\Curso react\\pern-ts-administrador-productos\\backend\\src\\products\\middleware\\product.validation.ts","statementMap":{"0":{"start":{"line":1,"column":0},"end":{"line":1,"column":47}},"1":{"start":{"line":3,"column":28},"end":{"line":25,"column":2}},"2":{"start":{"line":15,"column":26},"end":{"line":15,"column":35}},"3":{"start":{"line":44,"column":2},"end":{"line":44,"column":21}},"4":{"start":{"line":27,"column":26},"end":{"line":33,"column":2}},"5":{"start":{"line":45,"column":2},"end":{"line":45,"column":19}},"6":{"start":{"line":35,"column":36},"end":{"line":41,"column":2}},"7":{"start":{"line":46,"column":2},"end":{"line":46,"column":29}}},"fnMap":{"0":{"name":"(anonymous_0)","decl":{"start":{"line":15,"column":15},"end":{"line":15,"column":16}},"loc":{"start":{"line":15,"column":26},"end":{"line":15,"column":35}}}},"branchMap":{},"s":{"0":2,"1":2,"2":8,"3":2,"4":2,"5":2,"6":2,"7":2},"f":{"0":8},"b":{}}
,"C:\\Users\\Alexander\\Documents\\workspace\\React\\Curso react\\pern-ts-administrador-productos\\backend\\src\\products\\routes\\product.routes.ts": {"path":"C:\\Users\\Alexander\\Documents\\workspace\\React\\Curso react\\pern-ts-administrador-productos\\backend\\src\\products\\routes\\product.routes.ts","statementMap":{"0":{"start":{"line":1,"column":0},"end":{"line":1,"column":29}},"1":{"start":{"line":2,"column":0},"end":{"line":2,"column":null}},"2":{"start":{"line":10,"column":0},"end":{"line":10,"column":118}},"3":{"start":{"line":11,"column":0},"end":{"line":11,"column":50}},"4":{"start":{"line":13,"column":15},"end":{"line":13,"column":31}},"5":{"start":{"line":15,"column":0},"end":{"line":15,"column":null}},"6":{"start":{"line":16,"column":0},"end":{"line":16,"column":null}},"7":{"start":{"line":17,"column":0},"end":{"line":17,"column":null}},"8":{"start":{"line":18,"column":0},"end":{"line":24,"column":null}},"9":{"start":{"line":25,"column":0},"end":{"line":31,"column":null}},"10":{"start":{"line":32,"column":0},"end":{"line":32,"column":null}},"11":{"start":{"line":34,"column":0},"end":{"line":34,"column":null}}},"fnMap":{},"branchMap":{},"s":{"0":2,"1":2,"2":2,"3":2,"4":2,"5":2,"6":2,"7":2,"8":2,"9":2,"10":2,"11":2},"f":{},"b":{}}
,"C:\\Users\\Alexander\\Documents\\workspace\\React\\Curso react\\pern-ts-administrador-productos\\backend\\src\\util\\validation.ts": {"path":"C:\\Users\\Alexander\\Documents\\workspace\\React\\Curso react\\pern-ts-administrador-productos\\backend\\src\\util\\validation.ts","statementMap":{"0":{"start":{"line":2,"column":0},"end":{"line":2,"column":52}},"1":{"start":{"line":4,"column":23},"end":{"line":14,"column":1}},"2":{"start":{"line":5,"column":2},"end":{"line":13,"column":3}},"3":{"start":{"line":6,"column":4},"end":{"line":6,"column":null}},"4":{"start":{"line":7,"column":4},"end":{"line":7,"column":null}},"5":{"start":{"line":10,"column":4},"end":{"line":12,"column":null}},"6":{"start":{"line":16,"column":0},"end":{"line":16,"column":null}}},"fnMap":{"0":{"name":"(anonymous_0)","decl":{"start":{"line":4,"column":23},"end":{"line":4,"column":24}},"loc":{"start":{"line":4,"column":75},"end":{"line":14,"column":1}}}},"branchMap":{},"s":{"0":2,"1":2,"2":18,"3":18,"4":9,"5":9,"6":2},"f":{"0":18},"b":{}}
}
