TN:
SF:src\server.ts
FN:14,(anonymous_1)
FNF:1
FNH:1
FNDA:1,(anonymous_1)
DA:1,2
DA:2,2
DA:5,2
DA:7,2
DA:10,2
DA:14,2
DA:15,1
DA:21,2
DA:23,2
LF:9
LH:9
BRF:0
BRH:0
end_of_record
TN:
SF:src\database\client.ts
FNF:0
FNH:0
DA:1,2
DA:3,2
DA:5,2
LF:3
LH:3
BRF:0
BRH:0
end_of_record
TN:
SF:src\products\controllers\product.controller.ts
FN:4,(anonymous_1)
FN:25,(anonymous_2)
FN:50,(anonymous_3)
FN:76,(anonymous_4)
FN:114,(anonymous_5)
FN:150,(anonymous_6)
FNF:6
FNH:6
FNDA:2,(anonymous_1)
FNDA:2,(anonymous_2)
FNDA:1,(anonymous_3)
FNDA:2,(anonymous_4)
FNDA:1,(anonymous_5)
FNDA:3,(anonymous_6)
DA:2,2
DA:4,2
DA:5,2
DA:6,2
DA:14,2
DA:18,0
DA:19,0
DA:25,2
DA:26,2
DA:27,2
DA:28,2
DA:34,2
DA:35,1
DA:39,1
DA:43,0
DA:44,0
DA:50,2
DA:51,1
DA:55,1
DA:57,1
DA:65,1
DA:69,0
DA:70,0
DA:76,2
DA:77,2
DA:78,2
DA:80,2
DA:81,2
DA:86,2
DA:87,1
DA:93,1
DA:103,1
DA:107,0
DA:108,0
DA:114,2
DA:115,1
DA:116,1
DA:118,1
DA:119,1
DA:124,1
DA:125,0
DA:131,1
DA:139,1
DA:143,0
DA:144,0
DA:150,2
DA:151,3
DA:152,3
DA:153,3
DA:158,3
DA:159,2
DA:163,1
DA:168,1
DA:172,0
DA:173,0
LF:55
LH:42
BRDA:34,0,0,1
BRDA:86,1,0,1
BRDA:124,2,0,0
BRDA:158,3,0,2
BRF:4
BRH:3
end_of_record
TN:
SF:src\products\middleware\product.validation.ts
FN:15,(anonymous_0)
FNF:1
FNH:1
FNDA:8,(anonymous_0)
DA:1,2
DA:3,2
DA:15,8
DA:27,2
DA:35,2
DA:44,2
DA:45,2
DA:46,2
LF:8
LH:8
BRF:0
BRH:0
end_of_record
TN:
SF:src\products\routes\product.routes.ts
FNF:0
FNH:0
DA:1,2
DA:2,2
DA:10,2
DA:11,2
DA:13,2
DA:15,2
DA:16,2
DA:17,2
DA:18,2
DA:25,2
DA:32,2
DA:34,2
LF:12
LH:12
BRF:0
BRH:0
end_of_record
TN:
SF:src\util\validation.ts
FN:4,(anonymous_0)
FNF:1
FNH:1
FNDA:18,(anonymous_0)
DA:2,2
DA:4,2
DA:5,18
DA:6,18
DA:7,9
DA:10,9
DA:16,2
LF:7
LH:7
BRF:0
BRH:0
end_of_record
